2024-04-12 14:52:52,230 - INFO - Checking id.loc.gov
2024-04-12 14:52:52,231 - DEBUG - Revised terms to check: ['sh96000082']
2024-04-12 14:52:52,231 - DEBUG - Deprecated terms to check: ['sh96010654']
2024-04-12 14:52:52,231 - INFO - Updated list of current terms is in data/acc_out.csv
2024-05-15 09:19:04,111 - INFO - Checking id.loc.gov
2024-05-15 09:19:04,112 - INFO - No changes to ACC terms this month.
2024-05-15 09:19:04,112 - INFO - Updated list of current terms is in data/acc_out.csv
2024-06-15 09:15:37,093 - INFO - Checking id.loc.gov
2024-06-15 09:15:37,094 - INFO - No changes to ACC terms this month.
2024-06-15 09:15:37,094 - INFO - Updated list of current terms is in data/acc_out.csv
2024-07-15 09:18:58,249 - INFO - Checking id.loc.gov
2024-07-15 09:18:58,249 - DEBUG - Revised terms to check: ['sh85022096', 'sh85036047', 'sh85059626']
2024-07-15 09:18:58,250 - INFO - Updated list of current terms is in data/acc_out.csv
2024-08-15 09:17:41,523 - INFO - Checking id.loc.gov
2024-08-15 09:17:41,523 - INFO - No changes to ACC terms this month.
2024-08-15 09:17:41,523 - INFO - Updated list of current terms is in data/acc_out.csv
2024-09-15 09:21:43,005 - INFO - Checking id.loc.gov
2024-09-15 09:21:43,005 - INFO - No changes to ACC terms this month.
2024-09-15 09:21:43,005 - INFO - Updated list of current terms is in data/acc_out.csv
2024-10-15 09:20:37,124 - INFO - Checking id.loc.gov
2024-10-15 09:20:37,124 - DEBUG - Revised terms to check: ['sh91005403']
2024-10-15 09:20:37,124 - INFO - Updated list of current terms is in data/acc_out.csv
2024-11-15 09:20:15,992 - INFO - Checking id.loc.gov
2024-11-15 09:20:15,992 - INFO - No changes to ACC terms this month.
2024-11-15 09:20:15,992 - INFO - Updated list of current terms is in data/acc_out.csv
2024-12-15 09:19:03,589 - INFO - Checking id.loc.gov
2024-12-15 09:19:03,589 - INFO - No changes to ACC terms this month.
2024-12-15 09:19:03,589 - INFO - Updated list of current terms is in data/acc_out.csv
2025-01-15 09:40:07,627 - INFO - Checking id.loc.gov
2025-01-15 09:40:07,628 - INFO - No changes to ACC terms this month.
2025-01-15 09:40:07,628 - INFO - Updated list of current terms is in data/acc_out.csv
2025-02-15 09:19:07,085 - INFO - Checking id.loc.gov
2025-02-15 09:19:07,085 - INFO - No changes to ACC terms this month.
2025-02-15 09:19:07,085 - INFO - Updated list of current terms is in data/acc_out.csv
2025-03-15 09:47:21,649 - INFO - Checking id.loc.gov
2025-03-15 09:47:21,649 - INFO - No changes to ACC terms this month.
2025-03-15 09:47:21,649 - INFO - Updated list of current terms is in data/acc_out.csv
